  RayTracing3.cpp
C:\opencv\build\include\opencv2\core.hpp(1744,1): warning C4819: The file contains a character that cannot be represented in the current code page (949). Save the file in Unicode format to prevent data loss
C:\opencv\build\include\opencv2\core.hpp(1744,1): warning C4819: The file contains a character that cannot be represented in the current code page (949). Save the file in Unicode format to prevent data loss
C:\opencv\build\include\opencv2\core.hpp(1744,1): warning C4819: The file contains a character that cannot be represented in the current code page (949). Save the file in Unicode format to prevent data loss
D:\C\RayTracing3\RayTracing3\camera.h(105,96): error C2059: syntax error: ')'
D:\C\RayTracing3\RayTracing3\camera.h(108,11): error C2059: syntax error: '='
D:\C\RayTracing3\RayTracing3\camera.h(108,42): error C2238: unexpected token(s) preceding ';'
D:\C\RayTracing3\RayTracing3\camera.h(109,11): error C2059: syntax error: '='
D:\C\RayTracing3\RayTracing3\camera.h(109,38): error C2238: unexpected token(s) preceding ';'
D:\C\RayTracing3\RayTracing3\camera.h(110,11): error C2059: syntax error: '='
D:\C\RayTracing3\RayTracing3\camera.h(110,24): error C2238: unexpected token(s) preceding ';'
D:\C\RayTracing3\RayTracing3\camera.h(117,23): error C2059: syntax error: '='
D:\C\RayTracing3\RayTracing3\camera.h(117,49): error C2238: unexpected token(s) preceding ';'
D:\C\RayTracing3\RayTracing3\camera.h(118,23): error C2059: syntax error: '='
D:\C\RayTracing3\RayTracing3\camera.h(118,50): error C2238: unexpected token(s) preceding ';'
D:\C\RayTracing3\RayTracing3\camera.h(121,14): error C2853: 'viewport_upper_left': a non-static data member cannot have a type that contains 'auto'
D:\C\RayTracing3\RayTracing3\camera.h(122,21): error C2059: syntax error: '='
D:\C\RayTracing3\RayTracing3\camera.h(122,82): error C2238: unexpected token(s) preceding ';'
D:\C\RayTracing3\RayTracing3\camera.h(124,14): error C2853: 'defocus_radius': a non-static data member cannot have a type that contains 'auto'
D:\C\RayTracing3\RayTracing3\camera.h(125,24): error C2059: syntax error: '='
D:\C\RayTracing3\RayTracing3\camera.h(125,44): error C2238: unexpected token(s) preceding ';'
D:\C\RayTracing3\RayTracing3\camera.h(126,24): error C2059: syntax error: '='
D:\C\RayTracing3\RayTracing3\camera.h(126,44): error C2238: unexpected token(s) preceding ';'
D:\C\RayTracing3\RayTracing3\camera.h(113,30): error C2065: 'viewport_width': undeclared identifier
D:\C\RayTracing3\RayTracing3\camera.h(127,5): message : This diagnostic occurred in the compiler generated function 'camera::camera(void)'
D:\C\RayTracing3\RayTracing3\camera.h(129,5): message : see reference to function 'camera::camera(void)'
D:\C\RayTracing3\RayTracing3\camera.h(114,30): error C2065: 'viewport_height': undeclared identifier
D:\C\RayTracing3\RayTracing3\camera.h(127,5): message : This diagnostic occurred in the compiler generated function 'camera::camera(void)'
D:\C\RayTracing3\RayTracing3\camera.h(129,5): message : see reference to function 'camera::camera(void)'
D:\C\RayTracing3\RayTracing3\camera.h(121,79): error C2440: 'initializing': cannot convert from 'vector3' to 'int'
D:\C\RayTracing3\RayTracing3\camera.h(121,79): message : No user-defined-conversion operator available that can perform this conversion, or the operator cannot be called
D:\C\RayTracing3\RayTracing3\camera.h(127,5): message : This diagnostic occurred in the compiler generated function 'camera::camera(void)'
D:\C\RayTracing3\RayTracing3\camera.h(129,5): message : see reference to function 'camera::camera(void)'
D:\C\RayTracing3\RayTracing3\camera.h(121,14): error C2439: 'camera::viewport_upper_left': member could not be initialized
D:\C\RayTracing3\RayTracing3\camera.h(121,14): message : see declaration of 'camera::viewport_upper_left'
D:\C\RayTracing3\RayTracing3\camera.h(127,5): message : This diagnostic occurred in the compiler generated function 'camera::camera(void)'
D:\C\RayTracing3\RayTracing3\camera.h(129,5): message : see reference to function 'camera::camera(void)'
D:\C\RayTracing3\RayTracing3\camera.h(124,42): warning C4244: 'initializing': conversion from 'double' to 'int', possible loss of data
D:\C\RayTracing3\RayTracing3\camera.h(127,5): message : This diagnostic occurred in the compiler generated function 'camera::camera(void)'
D:\C\RayTracing3\RayTracing3\camera.h(129,5): message : see reference to function 'camera::camera(void)'
D:\C\RayTracing3\RayTracing3\camera.h(129,9): error C2146: syntax error: missing ';' before identifier 'get_ray'
D:\C\RayTracing3\RayTracing3\camera.h(129,17): error C2062: type 'int' unexpected
D:\C\RayTracing3\RayTracing3\camera.h(129,37): error C2143: syntax error: missing ';' before '{'
D:\C\RayTracing3\RayTracing3\camera.h(37,21): error C2146: syntax error: missing ';' before identifier 'r'
D:\C\RayTracing3\RayTracing3\camera.h(37,21): error C3861: 'r': identifier not found
D:\C\RayTracing3\RayTracing3\camera.h(41,25): error C2146: syntax error: missing ';' before identifier 'r'
D:\C\RayTracing3\RayTracing3\camera.h(41,25): error C2065: 'r': undeclared identifier
D:\C\RayTracing3\RayTracing3\camera.h(41,29): error C3861: 'get_ray': identifier not found
D:\C\RayTracing3\RayTracing3\camera.h(42,46): error C2065: 'r': undeclared identifier
D:\C\RayTracing3\RayTracing3\camera.h(42,36): error C3861: 'ray_color': identifier not found
D:\C\RayTracing3\RayTracing3\camera.h(46,102): warning C4244: 'argument': conversion from 'double' to '_Tp', possible loss of data
          with
          [
              _Tp=uchar
          ]
D:\C\RayTracing3\RayTracing3\camera.h(46,85): warning C4244: 'argument': conversion from 'double' to '_Tp', possible loss of data
          with
          [
              _Tp=uchar
          ]
D:\C\RayTracing3\RayTracing3\camera.h(46,68): warning C4244: 'argument': conversion from 'double' to '_Tp', possible loss of data
          with
          [
              _Tp=uchar
          ]
D:\C\RayTracing3\RayTracing3\camera.h(105,96): error C2143: syntax error: missing ';' before '}'
D:\C\RayTracing3\RayTracing3\camera.h(129,37): error C2447: '{': missing function header (old-style formal list?)
D:\C\RayTracing3\RayTracing3\camera.h(141,12): error C2270: 'defocus_disk_sample': modifiers not allowed on nonmember functions
D:\C\RayTracing3\RayTracing3\camera.h(144,16): error C2065: 'center': undeclared identifier
D:\C\RayTracing3\RayTracing3\camera.h(144,33): error C2065: 'defocus_disk_u': undeclared identifier
D:\C\RayTracing3\RayTracing3\camera.h(144,59): error C2065: 'defocus_disk_v': undeclared identifier
D:\C\RayTracing3\RayTracing3\camera.h(147,13): error C2270: 'pixel_sample_square': modifiers not allowed on nonmember functions
D:\C\RayTracing3\RayTracing3\camera.h(151,22): error C2065: 'pixel_delta_u': undeclared identifier
D:\C\RayTracing3\RayTracing3\camera.h(151,45): error C2065: 'pixel_delta_v': undeclared identifier
D:\C\RayTracing3\RayTracing3\camera.h(154,30): error C4430: missing type specifier - int assumed. Note: C++ does not support default-int
D:\C\RayTracing3\RayTracing3\camera.h(154,30): error C2143: syntax error: missing ',' before '&'
D:\C\RayTracing3\RayTracing3\camera.h(154,11): error C2270: 'ray_color': modifiers not allowed on nonmember functions
D:\C\RayTracing3\RayTracing3\camera.h(158,13): error C2065: 'depth': undeclared identifier
D:\C\RayTracing3\RayTracing3\camera.h(161,13): error C2065: 'world': undeclared identifier
D:\C\RayTracing3\RayTracing3\camera.h(161,23): error C2065: 'r': undeclared identifier
D:\C\RayTracing3\RayTracing3\camera.h(162,17): error C2146: syntax error: missing ';' before identifier 'scattered'
D:\C\RayTracing3\RayTracing3\camera.h(162,17): error C2065: 'scattered': undeclared identifier
D:\C\RayTracing3\RayTracing3\camera.h(164,34): error C2065: 'r': undeclared identifier
D:\C\RayTracing3\RayTracing3\camera.h(164,55): error C2065: 'scattered': undeclared identifier
D:\C\RayTracing3\RayTracing3\camera.h(165,48): error C2065: 'scattered': undeclared identifier
D:\C\RayTracing3\RayTracing3\camera.h(165,59): error C2065: 'depth': undeclared identifier
D:\C\RayTracing3\RayTracing3\camera.h(165,70): error C2065: 'world': undeclared identifier
D:\C\RayTracing3\RayTracing3\camera.h(169,45): error C2065: 'r': undeclared identifier
D:\C\RayTracing3\RayTracing3\camera.h(173,1): error C2059: syntax error: '}'
D:\C\RayTracing3\RayTracing3\camera.h(173,1): error C2143: syntax error: missing ';' before '}'
D:\C\RayTracing3\RayTracing3\hittable_list.h(25,23): error C4430: missing type specifier - int assumed. Note: C++ does not support default-int
D:\C\RayTracing3\RayTracing3\hittable_list.h(25,23): error C2143: syntax error: missing ',' before '&'
D:\C\RayTracing3\RayTracing3\hittable_list.h(25,10): error C3668: 'hittable_list::hit': method with override specifier 'override' did not override any base class methods
D:\C\RayTracing3\RayTracing3\hittable_list.h(28,31): error C2065: 'ray_t': undeclared identifier
D:\C\RayTracing3\RayTracing3\hittable_list.h(31,29): error C2065: 'r': undeclared identifier
D:\C\RayTracing3\RayTracing3\hittable_list.h(31,41): error C2065: 'ray_t': undeclared identifier
D:\C\RayTracing3\RayTracing3\hittable_list.h(31,52): error C3536: 'closest_so_far': cannot be used before it is initialized
D:\C\RayTracing3\RayTracing3\hittable_list.h(31,40): error C2440: '<function-style-cast>': cannot convert from 'int' to 'interval'
D:\C\RayTracing3\RayTracing3\hittable_list.h(31,40): message : 'interval::interval': no overloaded function could convert all the argument types
D:\C\RayTracing3\RayTracing3\interval.h(30,1): message : could be 'interval::interval(interval &&)'
D:\C\RayTracing3\RayTracing3\hittable_list.h(31,40): message : 'interval::interval(interval &&)': cannot convert argument 1 from 'int' to 'interval &&'
D:\C\RayTracing3\RayTracing3\hittable_list.h(31,52): message : Reason: cannot convert from 'int' to 'interval'
D:\C\RayTracing3\RayTracing3\interval.h(30,1): message : or       'interval::interval(const interval &)'
D:\C\RayTracing3\RayTracing3\hittable_list.h(31,40): message : 'interval::interval(const interval &)': cannot convert argument 1 from 'int' to 'const interval &'
D:\C\RayTracing3\RayTracing3\hittable_list.h(31,52): message : Reason: cannot convert from 'int' to 'const interval'
D:\C\RayTracing3\RayTracing3\hittable_list.h(31,40): message : while trying to match the argument list '(int)'
D:\C\RayTracing3\RayTracing3\hittable_list.h(33,42): warning C4244: '=': conversion from 'double' to 'int', possible loss of data
D:\C\RayTracing3\RayTracing3\hittable_list.h(34,17): error C2065: 'rec': undeclared identifier
D:\C\RayTracing3\RayTracing3\sphere.h(11,23): error C4430: missing type specifier - int assumed. Note: C++ does not support default-int
D:\C\RayTracing3\RayTracing3\sphere.h(11,23): error C2143: syntax error: missing ',' before '&'
D:\C\RayTracing3\RayTracing3\sphere.h(11,10): error C3668: 'sphere::hit': method with override specifier 'override' did not override any base class methods
D:\C\RayTracing3\RayTracing3\sphere.h(14,22): error C2065: 'r': undeclared identifier
D:\C\RayTracing3\RayTracing3\sphere.h(15,18): error C2065: 'r': undeclared identifier
D:\C\RayTracing3\RayTracing3\sphere.h(16,31): error C2065: 'r': undeclared identifier
D:\C\RayTracing3\RayTracing3\sphere.h(16,23): error C2660: 'dot': function does not take 1 arguments
D:\C\RayTracing3\RayTracing3\vec3.h(96,15): message : see declaration of 'dot'
D:\C\RayTracing3\RayTracing3\sphere.h(16,23): message : while trying to match the argument list '(vector3)'
D:\C\RayTracing3\RayTracing3\sphere.h(20,47): error C3536: 'a': cannot be used before it is initialized
D:\C\RayTracing3\RayTracing3\sphere.h(27,14): error C2065: 'ray_t': undeclared identifier
D:\C\RayTracing3\RayTracing3\sphere.h(29,18): error C2065: 'ray_t': undeclared identifier
D:\C\RayTracing3\RayTracing3\sphere.h(33,9): error C2065: 'rec': undeclared identifier
D:\C\RayTracing3\RayTracing3\sphere.h(34,9): error C2065: 'rec': undeclared identifier
D:\C\RayTracing3\RayTracing3\sphere.h(34,21): error C2065: 'r': undeclared identifier
D:\C\RayTracing3\RayTracing3\sphere.h(34,26): error C2065: 'rec': undeclared identifier
D:\C\RayTracing3\RayTracing3\sphere.h(35,35): error C2065: 'rec': undeclared identifier
D:\C\RayTracing3\RayTracing3\sphere.h(36,9): error C2065: 'rec': undeclared identifier
D:\C\RayTracing3\RayTracing3\sphere.h(36,29): error C2065: 'r': undeclared identifier
D:\C\RayTracing3\RayTracing3\sphere.h(37,9): error C2065: 'rec': undeclared identifier
D:\C\RayTracing3\RayTracing3\RayTracing3.cpp(10,26): error C4430: missing type specifier - int assumed. Note: C++ does not support default-int
D:\C\RayTracing3\RayTracing3\RayTracing3.cpp(10,26): error C2143: syntax error: missing ',' before '&'
D:\C\RayTracing3\RayTracing3\RayTracing3.cpp(10,7): error C2084: function 'color ray_color(const int)' already has a body
D:\C\RayTracing3\RayTracing3\camera.h(154,11): message : see previous definition of 'ray_color'
D:\C\RayTracing3\RayTracing3\RayTracing3.cpp(12,9): error C2065: 'world': undeclared identifier
D:\C\RayTracing3\RayTracing3\RayTracing3.cpp(12,19): error C2065: 'r': undeclared identifier
D:\C\RayTracing3\RayTracing3\RayTracing3.cpp(16,41): error C2065: 'r': undeclared identifier
D:\C\RayTracing3\RayTracing3\RayTracing3.cpp(22,19): error C2259: 'hittable_list': cannot instantiate abstract class
D:\C\RayTracing3\RayTracing3\hittable_list.h(12,7): message : see declaration of 'hittable_list'
D:\C\RayTracing3\RayTracing3\RayTracing3.cpp(22,19): message : due to following members:
D:\C\RayTracing3\RayTracing3\RayTracing3.cpp(22,19): message : 'bool hittable::hit(const ray &,interval,hit_record &) const': is abstract
D:\C\RayTracing3\RayTracing3\hittable.h(32,18): message : see declaration of 'hittable::hit'
